<?xml version="1.0" encoding="UTF-8"?>
<!-- Generated by org.testng.reporters.JUnitXMLReporter -->
<testsuite ignored="0" hostname="LAPTOP-Q7VQGJEK" failures="0" tests="6" name="Test" time="0.081" errors="0" timestamp="2021-01-31T01:20:01 IST">
  <testcase classname="maven_selenuim.MavenJava.AppiumTest" name="appiumAutomation1" time="0.012"/>
  <testcase classname="maven_selenuim.MavenJava.AppiumTest" name="appiumAutomation2" time="0.001"/>
  <testcase classname="maven_selenuim.MavenJava.RestAPITest" name="RestAPIAutomation" time="0.002"/>
  <testcase classname="maven_selenuim.MavenJava.RestAPITest" name="annotation" time="0.002"/>
  <testcase classname="maven_selenuim.MavenJava.SeleniumTest" name="browserAutomation" time="0.001"/>
  <testcase classname="maven_selenuim.MavenJava.SeleniumTest" name="elementsUi" time="0.001"/>
</testsuite> <!-- Test -->
