<?xml version="1.0" encoding="UTF-8"?>
<!-- Generated by org.testng.reporters.JUnitXMLReporter -->
<testsuite ignored="0" hostname="LAPTOP-Q7VQGJEK" failures="0" tests="4" name="Test" time="0.031" errors="0" timestamp="2021-01-31T02:09:20 IST">
  <testcase classname="maven_selenuim.MavenJava.AppiumTest" name="appiumAutomation1" time="0.015"/>
  <testcase classname="maven_selenuim.MavenJava.AppiumTest" name="appiumAutomation2" time="0.0"/>
  <testcase classname="maven_selenuim.MavenJava.RestAPITest" name="RestAPIAutomation" time="0.0"/>
  <testcase classname="maven_selenuim.MavenJava.RestAPITest" name="annotation" time="0.0"/>
</testsuite> <!-- Test -->
