<?xml version="1.0" encoding="UTF-8"?>
<testng-results ignored="0" total="4" passed="4" failed="0" skipped="0">
  <reporter-output>
  </reporter-output>
  <suite started-at="2021-01-31T02:09:20 IST" name="Suite" finished-at="2021-01-31T02:09:20 IST" duration-ms="31">
    <groups>
    </groups>
    <test started-at="2021-01-31T02:09:20 IST" name="Test" finished-at="2021-01-31T02:09:20 IST" duration-ms="31">
      <class name="maven_selenuim.MavenJava.RestAPITest">
        <test-method signature="annotation()[pri:0, instance:maven_selenuim.MavenJava.RestAPITest@2898ac89]" started-at="2021-01-31T02:09:20 IST" name="annotation" finished-at="2021-01-31T02:09:20 IST" duration-ms="0" status="PASS">
          <reporter-output>
          </reporter-output>
        </test-method> <!-- annotation -->
        <test-method signature="RestAPIAutomation()[pri:0, instance:maven_selenuim.MavenJava.RestAPITest@2898ac89]" started-at="2021-01-31T02:09:20 IST" name="RestAPIAutomation" finished-at="2021-01-31T02:09:20 IST" duration-ms="0" status="PASS">
          <reporter-output>
          </reporter-output>
        </test-method> <!-- RestAPIAutomation -->
      </class> <!-- maven_selenuim.MavenJava.RestAPITest -->
      <class name="maven_selenuim.MavenJava.AppiumTest">
        <test-method signature="appiumAutomation1()[pri:0, instance:maven_selenuim.MavenJava.AppiumTest@6e509ffa]" started-at="2021-01-31T02:09:20 IST" name="appiumAutomation1" finished-at="2021-01-31T02:09:20 IST" duration-ms="15" status="PASS">
          <reporter-output>
          </reporter-output>
        </test-method> <!-- appiumAutomation1 -->
        <test-method signature="appiumAutomation2()[pri:0, instance:maven_selenuim.MavenJava.AppiumTest@6e509ffa]" started-at="2021-01-31T02:09:20 IST" name="appiumAutomation2" finished-at="2021-01-31T02:09:20 IST" duration-ms="0" status="PASS">
          <reporter-output>
          </reporter-output>
        </test-method> <!-- appiumAutomation2 -->
      </class> <!-- maven_selenuim.MavenJava.AppiumTest -->
    </test> <!-- Test -->
  </suite> <!-- Suite -->
</testng-results>
