<?xml version="1.0" encoding="UTF-8"?>
<testng-results ignored="0" total="6" passed="6" failed="0" skipped="0">
  <reporter-output>
  </reporter-output>
  <suite started-at="2021-01-31T01:20:01 IST" name="Suite" finished-at="2021-01-31T01:20:01 IST" duration-ms="81">
    <groups>
    </groups>
    <test started-at="2021-01-31T01:20:01 IST" name="Test" finished-at="2021-01-31T01:20:01 IST" duration-ms="81">
      <class name="maven_selenuim.MavenJava.RestAPITest">
        <test-method signature="RestAPIAutomation()[pri:0, instance:maven_selenuim.MavenJava.RestAPITest@76f2bbc1]" started-at="2021-01-31T01:20:01 IST" name="RestAPIAutomation" finished-at="2021-01-31T01:20:01 IST" duration-ms="2" status="PASS">
          <reporter-output>
          </reporter-output>
        </test-method> <!-- RestAPIAutomation -->
        <test-method signature="annotation()[pri:0, instance:maven_selenuim.MavenJava.RestAPITest@76f2bbc1]" started-at="2021-01-31T01:20:01 IST" name="annotation" finished-at="2021-01-31T01:20:01 IST" duration-ms="2" status="PASS">
          <reporter-output>
          </reporter-output>
        </test-method> <!-- annotation -->
      </class> <!-- maven_selenuim.MavenJava.RestAPITest -->
      <class name="maven_selenuim.MavenJava.AppiumTest">
        <test-method signature="appiumAutomation1()[pri:0, instance:maven_selenuim.MavenJava.AppiumTest@8317c52]" started-at="2021-01-31T01:20:01 IST" name="appiumAutomation1" finished-at="2021-01-31T01:20:01 IST" duration-ms="12" status="PASS">
          <reporter-output>
          </reporter-output>
        </test-method> <!-- appiumAutomation1 -->
        <test-method signature="appiumAutomation2()[pri:0, instance:maven_selenuim.MavenJava.AppiumTest@8317c52]" started-at="2021-01-31T01:20:01 IST" name="appiumAutomation2" finished-at="2021-01-31T01:20:01 IST" duration-ms="1" status="PASS">
          <reporter-output>
          </reporter-output>
        </test-method> <!-- appiumAutomation2 -->
      </class> <!-- maven_selenuim.MavenJava.AppiumTest -->
      <class name="maven_selenuim.MavenJava.SeleniumTest">
        <test-method signature="browserAutomation()[pri:0, instance:maven_selenuim.MavenJava.SeleniumTest@68e965f5]" started-at="2021-01-31T01:20:01 IST" name="browserAutomation" finished-at="2021-01-31T01:20:01 IST" duration-ms="1" status="PASS">
          <reporter-output>
          </reporter-output>
        </test-method> <!-- browserAutomation -->
        <test-method signature="elementsUi()[pri:0, instance:maven_selenuim.MavenJava.SeleniumTest@68e965f5]" started-at="2021-01-31T01:20:01 IST" name="elementsUi" finished-at="2021-01-31T01:20:01 IST" duration-ms="1" status="PASS">
          <reporter-output>
          </reporter-output>
        </test-method> <!-- elementsUi -->
      </class> <!-- maven_selenuim.MavenJava.SeleniumTest -->
    </test> <!-- Test -->
  </suite> <!-- Suite -->
</testng-results>
